Log file opened on Fri Nov 23 11:13:28 2018
Host: sugon-W580-G20  pid: 27055  rank ID: 0  number of ranks:  1
                      :-) GROMACS - gmx mdrun, 2018.4 (-:

                            GROMACS is written by:
     Emile Apol      Rossen Apostolov      Paul Bauer     Herman J.C. Berendsen
    Par Bjelkmar    Aldert van Buuren   Rudi van Drunen     Anton Feenstra  
  Gerrit Groenhof    Aleksei Iupinov   Christoph Junghans   Anca Hamuraru   
 Vincent Hindriksen Dimitrios Karkoulis    Peter Kasson        Jiri Kraus    
  Carsten Kutzner      Per Larsson      Justin A. Lemkul    Viveca Lindahl  
  Magnus Lundborg   Pieter Meulenhoff    Erik Marklund      Teemu Murtola   
    Szilard Pall       Sander Pronk      Roland Schulz     Alexey Shvetsov  
   Michael Shirts     Alfons Sijbers     Peter Tieleman    Teemu Virolainen 
 Christian Wennberg    Maarten Wolf   
                           and the project leaders:
        Mark Abraham, Berk Hess, Erik Lindahl, and David van der Spoel

Copyright (c) 1991-2000, University of Groningen, The Netherlands.
Copyright (c) 2001-2017, The GROMACS development team at
Uppsala University, Stockholm University and
the Royal Institute of Technology, Sweden.
check out http://www.gromacs.org for more information.

GROMACS is free software; you can redistribute it and/or modify it
under the terms of the GNU Lesser General Public License
as published by the Free Software Foundation; either version 2.1
of the License, or (at your option) any later version.

GROMACS:      gmx mdrun, version 2018.4
Executable:   /home/mzhan/bin/gromacs-2018.4_cuda/bin/gmx
Data prefix:  /home/mzhan/bin/gromacs-2018.4_cuda
Working dir:  /home/mzhan/waterbox
Command line:
  gmx mdrun -v -ntmpi 1 -ntomp 4 -gpu_id 0 -deffnm nvt

GROMACS version:    2018.4
Precision:          single
Memory model:       64 bit
MPI library:        thread_mpi
OpenMP support:     enabled (GMX_OPENMP_MAX_THREADS = 64)
GPU support:        CUDA
SIMD instructions:  AVX2_128
FFT library:        fftw-3.3.8-sse2-avx-avx2-avx2_128
RDTSCP usage:       enabled
TNG support:        enabled
Hwloc support:      disabled
Tracing support:    disabled
Built on:           2018-11-23 02:11:22
Built by:           root@sugon-W580-G20 [CMAKE]
Build OS/arch:      Linux 4.4.0-139-generic x86_64
Build CPU vendor:   Intel
Build CPU brand:    Intel(R) Xeon(R) CPU E5-2690 v4@ 2.60GHz
Build CPU family:   6   Model: 79   Stepping: 1
Build CPU features: aes apic avx avx2 clfsh cmov cx8 cx16 f16c fma hle htt intel lahf mmx msr nonstop_tsc pcid pclmuldq pdcm pdpe1gb popcnt pse rdrnd rdtscp rtm sse2 sse3 sse4.1 sse4.2 ssse3 tdt x2apic
C compiler:         /usr/bin/cc GNU 5.4.0
C compiler flags:    -march=core-avx2     -O3 -DNDEBUG -funroll-all-loops -fexcess-precision=fast  
C++ compiler:       /usr/bin/c++ GNU 5.4.0
C++ compiler flags:  -march=core-avx2    -std=c++11   -O3 -DNDEBUG -funroll-all-loops -fexcess-precision=fast  
CUDA compiler:      /usr/local/cuda-8.0/bin/nvcc nvcc: NVIDIA (R) Cuda compiler driver;Copyright (c) 2005-2016 NVIDIA Corporation;Built on Tue_Jan_10_13:22:03_CST_2017;Cuda compilation tools, release 8.0, V8.0.61
CUDA compiler flags:-gencode;arch=compute_20,code=sm_20;-gencode;arch=compute_30,code=sm_30;-gencode;arch=compute_35,code=sm_35;-gencode;arch=compute_37,code=sm_37;-gencode;arch=compute_50,code=sm_50;-gencode;arch=compute_52,code=sm_52;-gencode;arch=compute_60,code=sm_60;-gencode;arch=compute_61,code=sm_61;-gencode;arch=compute_60,code=compute_60;-gencode;arch=compute_61,code=compute_61;-use_fast_math;-Wno-deprecated-gpu-targets;-D_FORCE_INLINES;; ;-march=core-avx2;-std=c++11;-O3;-DNDEBUG;-funroll-all-loops;-fexcess-precision=fast;
CUDA driver:        9.20
CUDA runtime:       8.0


Running on 1 node with total 28 cores, 28 logical cores, 2 compatible GPUs
Hardware detected:
  CPU info:
    Vendor: Intel
    Brand:  Intel(R) Xeon(R) CPU E5-2690 v4@ 2.60GHz
    Family: 6   Model: 79   Stepping: 1
    Features: aes apic avx avx2 clfsh cmov cx8 cx16 f16c fma hle htt intel lahf mmx msr nonstop_tsc pcid pclmuldq pdcm pdpe1gb popcnt pse rdrnd rdtscp rtm sse2 sse3 sse4.1 sse4.2 ssse3 tdt x2apic
  Hardware topology: Basic
    Sockets, cores, and logical processors:
      Socket  0: [   0] [   1] [   2] [   3] [   4] [   5] [   6] [   7] [   8] [   9] [  10] [  11] [  12] [  13]
      Socket  1: [  14] [  15] [  16] [  17] [  18] [  19] [  20] [  21] [  22] [  23] [  24] [  25] [  26] [  27]
  GPU info:
    Number of GPUs detected: 2
    #0: NVIDIA Tesla P100-SXM2-16GB, compute cap.: 6.0, ECC: yes, stat: compatible
    #1: NVIDIA Tesla P100-SXM2-16GB, compute cap.: 6.0, ECC: yes, stat: compatible

Highest SIMD level requested by all nodes in run: AVX2_256
SIMD instructions selected at compile time:       AVX2_128
Compiled SIMD newer than requested; program might crash.

++++ PLEASE READ AND CITE THE FOLLOWING REFERENCE ++++
M. J. Abraham, T. Murtola, R. Schulz, S. Páll, J. C. Smith, B. Hess, E.
Lindahl
GROMACS: High performance molecular simulations through multi-level
parallelism from laptops to supercomputers
SoftwareX 1 (2015) pp. 19-25
-------- -------- --- Thank You --- -------- --------


++++ PLEASE READ AND CITE THE FOLLOWING REFERENCE ++++
S. Páll, M. J. Abraham, C. Kutzner, B. Hess, E. Lindahl
Tackling Exascale Software Challenges in Molecular Dynamics Simulations with
GROMACS
In S. Markidis & E. Laure (Eds.), Solving Software Challenges for Exascale 8759 (2015) pp. 3-27
-------- -------- --- Thank You --- -------- --------


++++ PLEASE READ AND CITE THE FOLLOWING REFERENCE ++++
S. Pronk, S. Páll, R. Schulz, P. Larsson, P. Bjelkmar, R. Apostolov, M. R.
Shirts, J. C. Smith, P. M. Kasson, D. van der Spoel, B. Hess, and E. Lindahl
GROMACS 4.5: a high-throughput and highly parallel open source molecular
simulation toolkit
Bioinformatics 29 (2013) pp. 845-54
-------- -------- --- Thank You --- -------- --------


++++ PLEASE READ AND CITE THE FOLLOWING REFERENCE ++++
B. Hess and C. Kutzner and D. van der Spoel and E. Lindahl
GROMACS 4: Algorithms for highly efficient, load-balanced, and scalable
molecular simulation
J. Chem. Theory Comput. 4 (2008) pp. 435-447
-------- -------- --- Thank You --- -------- --------


++++ PLEASE READ AND CITE THE FOLLOWING REFERENCE ++++
D. van der Spoel, E. Lindahl, B. Hess, G. Groenhof, A. E. Mark and H. J. C.
Berendsen
GROMACS: Fast, Flexible and Free
J. Comp. Chem. 26 (2005) pp. 1701-1719
-------- -------- --- Thank You --- -------- --------


++++ PLEASE READ AND CITE THE FOLLOWING REFERENCE ++++
E. Lindahl and B. Hess and D. van der Spoel
GROMACS 3.0: A package for molecular simulation and trajectory analysis
J. Mol. Mod. 7 (2001) pp. 306-317
-------- -------- --- Thank You --- -------- --------


++++ PLEASE READ AND CITE THE FOLLOWING REFERENCE ++++
H. J. C. Berendsen, D. van der Spoel and R. van Drunen
GROMACS: A message-passing parallel molecular dynamics implementation
Comp. Phys. Comm. 91 (1995) pp. 43-56
-------- -------- --- Thank You --- -------- --------

Input Parameters:
   integrator                     = md
   tinit                          = 0
   dt                             = 0.002
   nsteps                         = 10000
   init-step                      = 0
   simulation-part                = 1
   comm-mode                      = Linear
   nstcomm                        = 100
   bd-fric                        = 0
   ld-seed                        = -1986905475
   emtol                          = 10
   emstep                         = 0.01
   niter                          = 20
   fcstep                         = 0
   nstcgsteep                     = 1000
   nbfgscorr                      = 10
   rtpi                           = 0.05
   nstxout                        = 0
   nstvout                        = 0
   nstfout                        = 0
   nstlog                         = 0
   nstcalcenergy                  = 100
   nstenergy                      = 500
   nstxout-compressed             = 0
   compressed-x-precision         = 1000
   cutoff-scheme                  = Verlet
   nstlist                        = 10
   ns-type                        = Grid
   pbc                            = xyz
   periodic-molecules             = false
   verlet-buffer-tolerance        = 0.005
   rlist                          = 0.9
   coulombtype                    = PME
   coulomb-modifier               = Potential-shift
   rcoulomb-switch                = 0
   rcoulomb                       = 0.9
   epsilon-r                      = 1
   epsilon-rf                     = inf
   vdw-type                       = Cut-off
   vdw-modifier                   = Potential-shift
   rvdw-switch                    = 0
   rvdw                           = 0.9
   DispCorr                       = No
   table-extension                = 1
   fourierspacing                 = 0.1125
   fourier-nx                     = 108
   fourier-ny                     = 108
   fourier-nz                     = 108
   pme-order                      = 4
   ewald-rtol                     = 1e-05
   ewald-rtol-lj                  = 0.001
   lj-pme-comb-rule               = Geometric
   ewald-geometry                 = 0
   epsilon-surface                = 0
   implicit-solvent               = No
   gb-algorithm                   = Still
   nstgbradii                     = 1
   rgbradii                       = 1
   gb-epsilon-solvent             = 80
   gb-saltconc                    = 0
   gb-obc-alpha                   = 1
   gb-obc-beta                    = 0.8
   gb-obc-gamma                   = 4.85
   gb-dielectric-offset           = 0.009
   sa-algorithm                   = Ace-approximation
   sa-surface-tension             = 2.05016
   tcoupl                         = V-rescale
   nsttcouple                     = 10
   nh-chain-length                = 0
   print-nose-hoover-chain-variables = false
   pcoupl                         = No
   pcoupltype                     = Isotropic
   nstpcouple                     = -1
   tau-p                          = 1
   compressibility (3x3):
      compressibility[    0]={ 0.00000e+00,  0.00000e+00,  0.00000e+00}
      compressibility[    1]={ 0.00000e+00,  0.00000e+00,  0.00000e+00}
      compressibility[    2]={ 0.00000e+00,  0.00000e+00,  0.00000e+00}
   ref-p (3x3):
      ref-p[    0]={ 0.00000e+00,  0.00000e+00,  0.00000e+00}
      ref-p[    1]={ 0.00000e+00,  0.00000e+00,  0.00000e+00}
      ref-p[    2]={ 0.00000e+00,  0.00000e+00,  0.00000e+00}
   refcoord-scaling               = No
   posres-com (3):
      posres-com[0]= 0.00000e+00
      posres-com[1]= 0.00000e+00
      posres-com[2]= 0.00000e+00
   posres-comB (3):
      posres-comB[0]= 0.00000e+00
      posres-comB[1]= 0.00000e+00
      posres-comB[2]= 0.00000e+00
   QMMM                           = false
   QMconstraints                  = 0
   QMMMscheme                     = 0
   MMChargeScaleFactor            = 1
qm-opts:
   ngQM                           = 0
   constraint-algorithm           = Lincs
   continuation                   = false
   Shake-SOR                      = false
   shake-tol                      = 0.0001
   lincs-order                    = 4
   lincs-iter                     = 1
   lincs-warnangle                = 30
   nwall                          = 0
   wall-type                      = 9-3
   wall-r-linpot                  = -1
   wall-atomtype[0]               = -1
   wall-atomtype[1]               = -1
   wall-density[0]                = 0
   wall-density[1]                = 0
   wall-ewald-zfac                = 3
   pull                           = false
   awh                            = false
   rotation                       = false
   interactiveMD                  = false
   disre                          = No
   disre-weighting                = Conservative
   disre-mixed                    = false
   dr-fc                          = 1000
   dr-tau                         = 0
   nstdisreout                    = 100
   orire-fc                       = 0
   orire-tau                      = 0
   nstorireout                    = 100
   free-energy                    = no
   cos-acceleration               = 0
   deform (3x3):
      deform[    0]={ 0.00000e+00,  0.00000e+00,  0.00000e+00}
      deform[    1]={ 0.00000e+00,  0.00000e+00,  0.00000e+00}
      deform[    2]={ 0.00000e+00,  0.00000e+00,  0.00000e+00}
   simulated-tempering            = false
   swapcoords                     = no
   userint1                       = 0
   userint2                       = 0
   userint3                       = 0
   userint4                       = 0
   userreal1                      = 0
   userreal2                      = 0
   userreal3                      = 0
   userreal4                      = 0
   applied-forces:
     electric-field:
       x:
         E0                       = 0
         omega                    = 0
         t0                       = 0
         sigma                    = 0
       y:
         E0                       = 0
         omega                    = 0
         t0                       = 0
         sigma                    = 0
       z:
         E0                       = 0
         omega                    = 0
         t0                       = 0
         sigma                    = 0
grpopts:
   nrdf:      339489
   ref-t:         300
   tau-t:         0.1
annealing:          No
annealing-npoints:           0
   acc:	           0           0           0
   nfreeze:           N           N           N
   energygrp-flags[  0]: 0

Changing nstlist from 10 to 80, rlist from 0.9 to 1.044

Using 1 MPI thread
Using 4 OpenMP threads 

1 GPU auto-selected for this run.
Mapping of GPU IDs to the 2 GPU tasks in the 1 rank on this node:
  PP:0,PME:0

NOTE: GROMACS was configured without NVML support hence it can not exploit
      application clocks of the detected Tesla P100-SXM2-16GB GPU to improve performance.
      Recompile with the NVML library (compatible with the driver used) or set application clocks manually.

NOTE: GROMACS was configured without NVML support hence it can not exploit
      application clocks of the detected Tesla P100-SXM2-16GB GPU to improve performance.
      Recompile with the NVML library (compatible with the driver used) or set application clocks manually.

NOTE: The number of threads is not equal to the number of (logical) cores
      and the -pin option is set to auto: will not pin threads to cores.
      This can lead to significant performance degradation.
      Consider using -pin on (and -pinoffset in case you run multiple jobs).
System total charge: 0.000
Will do PME sum in reciprocal space for electrostatic interactions.

++++ PLEASE READ AND CITE THE FOLLOWING REFERENCE ++++
U. Essmann, L. Perera, M. L. Berkowitz, T. Darden, H. Lee and L. G. Pedersen 
A smooth particle mesh Ewald method
J. Chem. Phys. 103 (1995) pp. 8577-8592
-------- -------- --- Thank You --- -------- --------

Using a Gaussian width (1/beta) of 0.288146 nm for Ewald
Potential shift: LJ r^-12: -3.541e+00 r^-6: -1.882e+00, Ewald -1.111e-05
Initialized non-bonded Ewald correction tables, spacing: 8.85e-04 size: 1018


Using GPU 8x8 nonbonded short-range kernels

Using a dual 8x4 pair-list setup updated with dynamic, rolling pruning:
  outer list: updated every 80 steps, buffer 0.144 nm, rlist 1.044 nm
  inner list: updated every 10 steps, buffer 0.003 nm, rlist 0.903 nm
At tolerance 0.005 kJ/mol/ps per atom, equivalent classical 1x1 list would be:
  outer list: updated every 80 steps, buffer 0.283 nm, rlist 1.183 nm
  inner list: updated every 10 steps, buffer 0.044 nm, rlist 0.944 nm

Using geometric Lennard-Jones combination rule

Removing pbc first time

++++ PLEASE READ AND CITE THE FOLLOWING REFERENCE ++++
S. Miyamoto and P. A. Kollman
SETTLE: An Analytical Version of the SHAKE and RATTLE Algorithms for Rigid
Water Models
J. Comp. Chem. 13 (1992) pp. 952-962
-------- -------- --- Thank You --- -------- --------


Intra-simulation communication will occur every 10 steps.
Center of mass motion removal mode is Linear
We have the following groups for center of mass motion removal:
  0:  rest

++++ PLEASE READ AND CITE THE FOLLOWING REFERENCE ++++
G. Bussi, D. Donadio and M. Parrinello
Canonical sampling through velocity rescaling
J. Chem. Phys. 126 (2007) pp. 014101
-------- -------- --- Thank You --- -------- --------

There are: 169746 Atoms

Constraining the starting coordinates (step 0)

Constraining the coordinates at t0-dt (step 0)
RMS relative constraint deviation after constraining: 0.00e+00
Initial temperature: 5.86453e-07 K

Started mdrun on rank 0 Fri Nov 23 11:13:32 2018
           Step           Time
              0        0.00000

   Energies (kJ/mol)
        LJ (SR)   Coulomb (SR)   Coul. recip.      Potential    Kinetic En.
    4.09238e+05   -2.80910e+06    2.53046e+04   -2.37456e+06    1.89141e+03
   Total Energy  Conserved En.    Temperature Pressure (bar)
   -2.37267e+06   -2.37267e+06    1.34016e+00   -2.17439e+03

step  160: timed with pme grid 108 108 108, coulomb cutoff 0.900: 737.8 M-cycles
step  320: timed with pme grid 100 100 100, coulomb cutoff 0.960: 713.5 M-cycles
step  480: timed with pme grid 84 84 84, coulomb cutoff 1.143: 882.5 M-cycles
step  640: timed with pme grid 96 96 96, coulomb cutoff 1.000: 819.4 M-cycles
step  800: timed with pme grid 100 100 100, coulomb cutoff 0.960: 864.0 M-cycles
step  960: timed with pme grid 104 104 104, coulomb cutoff 0.923: 790.6 M-cycles
step 1120: timed with pme grid 108 108 108, coulomb cutoff 0.900: 789.6 M-cycles
              optimal pme grid 100 100 100, coulomb cutoff 0.960
           Step           Time
          10000       20.00000

Writing checkpoint, step 10000 at Fri Nov 23 11:14:12 2018


   Energies (kJ/mol)
        LJ (SR)   Coulomb (SR)   Coul. recip.      Potential    Kinetic En.
    3.65793e+05   -2.61676e+06    1.65794e+04   -2.23438e+06    4.24199e+05
   Total Energy  Conserved En.    Temperature Pressure (bar)
   -1.81019e+06   -2.35944e+06    3.00566e+02    2.20902e+02

	<======  ###############  ==>
	<====  A V E R A G E S  ====>
	<==  ###############  ======>

	Statistics over 10001 steps using 101 frames

   Energies (kJ/mol)
        LJ (SR)   Coulomb (SR)   Coul. recip.      Potential    Kinetic En.
    3.69107e+05   -2.62765e+06    1.67812e+04   -2.24176e+06    4.17588e+05
   Total Energy  Conserved En.    Temperature Pressure (bar)
   -1.82417e+06   -2.35952e+06    2.95882e+02    2.13921e+02

   Total Virial (kJ/mol)
    1.27697e+05   -2.05215e+02    1.16884e+02
   -2.13027e+02    1.28488e+05   -5.99978e+02
    1.17582e+02   -6.02893e+02    1.28011e+05

   Pressure (bar)
    2.20958e+02    6.00856e+00   -1.52947e+00
    6.15869e+00    2.05979e+02    9.89777e+00
   -1.54289e+00    9.95380e+00    2.14826e+02


       P P   -   P M E   L O A D   B A L A N C I N G

 PP/PME load balancing changed the cut-off and PME settings:
           particle-particle                    PME
            rcoulomb  rlist            grid      spacing   1/beta
   initial  0.900 nm  0.903 nm     108 108 108   0.111 nm  0.288 nm
   final    0.960 nm  0.963 nm     100 100 100   0.120 nm  0.307 nm
 cost-ratio           1.21             0.79
 (note that these numbers concern only part of the total PP and PME load)


	M E G A - F L O P S   A C C O U N T I N G

 NB=Group-cutoff nonbonded kernels    NxN=N-by-N cluster Verlet kernels
 RF=Reaction-Field  VdW=Van der Waals  QSTab=quadratic-spline table
 W3=SPC/TIP3p  W4=TIP4p (single or pairs)
 V&F=Potential and force  V=Potential only  F=Force only

 Computing:                               M-Number         M-Flops  % Flops
-----------------------------------------------------------------------------
 Pair Search distance check            1993.381200       17940.431     0.0
 NxN Ewald Elec. + LJ [F]           1426161.712320    94126673.013    98.1
 NxN Ewald Elec. + LJ [V&F]           14501.239936     1551632.673     1.6
 Shift-X                                 21.387996         128.328     0.0
 Virial                                  17.148891         308.680     0.0
 Stop-CM                                 17.314092         173.141     0.0
 Calc-Ekin                              339.831492        9175.450     0.0
 Constraint-V                          1697.799492       13582.396     0.0
 Constraint-Vir                          17.144346         411.464     0.0
 Settle                                 565.989746      182814.688     0.2
-----------------------------------------------------------------------------
 Total                                                95902840.264   100.0
-----------------------------------------------------------------------------


     R E A L   C Y C L E   A N D   T I M E   A C C O U N T I N G

On 1 MPI rank, each using 4 OpenMP threads

 Computing:          Num   Num      Call    Wall time         Giga-Cycles
                     Ranks Threads  Count      (s)         total sum    %
-----------------------------------------------------------------------------
 Neighbor search        1    4        126       2.140         22.256   5.3
 Launch GPU ops.        1    4      20002       0.976         10.151   2.4
 Force                  1    4      10001       0.275          2.862   0.7
 Wait PME GPU gather    1    4      10001       7.148         74.334  17.7
 Reduce GPU PME F       1    4      10001       0.860          8.939   2.1
 Wait GPU NB local      1    4      10001      11.917        123.942  29.5
 NB X/F buffer ops.     1    4      19876       4.265         44.360  10.5
 Write traj.            1    4          1       0.339          3.523   0.8
 Update                 1    4      10001       2.177         22.644   5.4
 Constraints            1    4      10001       5.100         53.044  12.6
 Rest                                           5.256         54.666  13.0
-----------------------------------------------------------------------------
 Total                                         40.454        420.720 100.0
-----------------------------------------------------------------------------

               Core t (s)   Wall t (s)        (%)
       Time:      161.816       40.454      400.0
                 (ns/day)    (hour/ns)
Performance:       42.720        0.562
Finished mdrun on rank 0 Fri Nov 23 11:14:13 2018
