Log file opened on Fri Nov 30 14:31:24 2018
Host: m24204  pid: 55741  rank ID: 0  number of ranks:  1
                      :-) GROMACS - gmx mdrun, 2018.4 (-:

                            GROMACS is written by:
     Emile Apol      Rossen Apostolov      Paul Bauer     Herman J.C. Berendsen
    Par Bjelkmar    Aldert van Buuren   Rudi van Drunen     Anton Feenstra  
  Gerrit Groenhof    Aleksei Iupinov   Christoph Junghans   Anca Hamuraru   
 Vincent Hindriksen Dimitrios Karkoulis    Peter Kasson        Jiri Kraus    
  Carsten Kutzner      Per Larsson      Justin A. Lemkul    Viveca Lindahl  
  Magnus Lundborg   Pieter Meulenhoff    Erik Marklund      Teemu Murtola   
    Szilard Pall       Sander Pronk      Roland Schulz     Alexey Shvetsov  
   Michael Shirts     Alfons Sijbers     Peter Tieleman    Teemu Virolainen 
 Christian Wennberg    Maarten Wolf   
                           and the project leaders:
        Mark Abraham, Berk Hess, Erik Lindahl, and David van der Spoel

Copyright (c) 1991-2000, University of Groningen, The Netherlands.
Copyright (c) 2001-2017, The GROMACS development team at
Uppsala University, Stockholm University and
the Royal Institute of Technology, Sweden.
check out http://www.gromacs.org for more information.

GROMACS is free software; you can redistribute it and/or modify it
under the terms of the GNU Lesser General Public License
as published by the Free Software Foundation; either version 2.1
of the License, or (at your option) any later version.

GROMACS:      gmx mdrun, version 2018.4
Executable:   /root/bin/gromacs-2018.4_ocl/bin/gmx
Data prefix:  /root/bin/gromacs-2018.4_ocl
Working dir:  /root/research/Gromacs_testcase/waterbox_small
Command line:
  gmx mdrun -v -ntmpi 1 -ntomp 4 -gpu_id 0 -deffnm nvt

GROMACS version:    2018.4
Precision:          single
Memory model:       64 bit
MPI library:        thread_mpi
OpenMP support:     enabled (GMX_OPENMP_MAX_THREADS = 64)
GPU support:        OpenCL
SIMD instructions:  AVX2_128
FFT library:        fftw-3.3.8-sse2-avx-avx2-avx2_128
RDTSCP usage:       enabled
TNG support:        enabled
Hwloc support:      disabled
Tracing support:    disabled
Built on:           2018-11-23 05:04:38
Built by:           root@m24204 [CMAKE]
Build OS/arch:      Linux 3.10.0-693.el7.x86_64 x86_64
Build CPU vendor:   Unknown vendor
Build CPU brand:    Hygon Dhyana Eng Sample
Build CPU family:   24   Model: 0   Stepping: 1
Build CPU features: apic avx avx2 clfsh cmov cx8 cx16 f16c fma htt lahf misalignsse mmx msr nonstop_tsc pdpe1gb popcnt pse rdtscp sse2 sse3 sse4a sse4.1 sse4.2 ssse3
C compiler:         /opt/rh/devtoolset-7/root/usr/bin/cc GNU 7.2.1
C compiler flags:    -march=core-avx2     -O3 -DNDEBUG -funroll-all-loops -fexcess-precision=fast  
C++ compiler:       /opt/rh/devtoolset-7/root/usr/bin/c++ GNU 7.2.1
C++ compiler flags:  -march=core-avx2    -std=c++11   -O3 -DNDEBUG -funroll-all-loops -fexcess-precision=fast  
OpenCL include dir: /opt/rocm/opencl/include
OpenCL library:     /opt/rocm/opencl/lib/x86_64/libOpenCL.so
OpenCL version:     2.0


Running on 1 node with total 64 cores, 64 logical cores, 2 compatible GPUs
Hardware detected:
  CPU info:
    Vendor: Unknown vendor
    Brand:  Hygon Dhyana Eng Sample                        
    Family: 24   Model: 0   Stepping: 1
    Features: apic avx avx2 clfsh cmov cx8 cx16 f16c fma htt lahf misalignsse mmx msr nonstop_tsc pdpe1gb popcnt pse rdtscp sse2 sse3 sse4a sse4.1 sse4.2 ssse3
  Hardware topology: Only logical processor count
  GPU info:
    Number of GPUs detected: 2
    #0: name: gfx906, vendor: Advanced Micro Devices, Inc., device version: OpenCL 1.2 , stat: compatible
    #1: name: gfx906, vendor: Advanced Micro Devices, Inc., device version: OpenCL 1.2 , stat: compatible

Highest SIMD level requested by all nodes in run: None
SIMD instructions selected at compile time:       AVX2_128
Compiled SIMD newer than requested; program might crash.

++++ PLEASE READ AND CITE THE FOLLOWING REFERENCE ++++
M. J. Abraham, T. Murtola, R. Schulz, S. Páll, J. C. Smith, B. Hess, E.
Lindahl
GROMACS: High performance molecular simulations through multi-level
parallelism from laptops to supercomputers
SoftwareX 1 (2015) pp. 19-25
-------- -------- --- Thank You --- -------- --------


++++ PLEASE READ AND CITE THE FOLLOWING REFERENCE ++++
S. Páll, M. J. Abraham, C. Kutzner, B. Hess, E. Lindahl
Tackling Exascale Software Challenges in Molecular Dynamics Simulations with
GROMACS
In S. Markidis & E. Laure (Eds.), Solving Software Challenges for Exascale 8759 (2015) pp. 3-27
-------- -------- --- Thank You --- -------- --------


++++ PLEASE READ AND CITE THE FOLLOWING REFERENCE ++++
S. Pronk, S. Páll, R. Schulz, P. Larsson, P. Bjelkmar, R. Apostolov, M. R.
Shirts, J. C. Smith, P. M. Kasson, D. van der Spoel, B. Hess, and E. Lindahl
GROMACS 4.5: a high-throughput and highly parallel open source molecular
simulation toolkit
Bioinformatics 29 (2013) pp. 845-54
-------- -------- --- Thank You --- -------- --------


++++ PLEASE READ AND CITE THE FOLLOWING REFERENCE ++++
B. Hess and C. Kutzner and D. van der Spoel and E. Lindahl
GROMACS 4: Algorithms for highly efficient, load-balanced, and scalable
molecular simulation
J. Chem. Theory Comput. 4 (2008) pp. 435-447
-------- -------- --- Thank You --- -------- --------


++++ PLEASE READ AND CITE THE FOLLOWING REFERENCE ++++
D. van der Spoel, E. Lindahl, B. Hess, G. Groenhof, A. E. Mark and H. J. C.
Berendsen
GROMACS: Fast, Flexible and Free
J. Comp. Chem. 26 (2005) pp. 1701-1719
-------- -------- --- Thank You --- -------- --------


++++ PLEASE READ AND CITE THE FOLLOWING REFERENCE ++++
E. Lindahl and B. Hess and D. van der Spoel
GROMACS 3.0: A package for molecular simulation and trajectory analysis
J. Mol. Mod. 7 (2001) pp. 306-317
-------- -------- --- Thank You --- -------- --------


++++ PLEASE READ AND CITE THE FOLLOWING REFERENCE ++++
H. J. C. Berendsen, D. van der Spoel and R. van Drunen
GROMACS: A message-passing parallel molecular dynamics implementation
Comp. Phys. Comm. 91 (1995) pp. 43-56
-------- -------- --- Thank You --- -------- --------

Input Parameters:
   integrator                     = md
   tinit                          = 0
   dt                             = 0.002
   nsteps                         = 10000
   init-step                      = 0
   simulation-part                = 1
   comm-mode                      = Linear
   nstcomm                        = 100
   bd-fric                        = 0
   ld-seed                        = -1784727090
   emtol                          = 10
   emstep                         = 0.01
   niter                          = 20
   fcstep                         = 0
   nstcgsteep                     = 1000
   nbfgscorr                      = 10
   rtpi                           = 0.05
   nstxout                        = 0
   nstvout                        = 0
   nstfout                        = 0
   nstlog                         = 0
   nstcalcenergy                  = 100
   nstenergy                      = 500
   nstxout-compressed             = 0
   compressed-x-precision         = 1000
   cutoff-scheme                  = Verlet
   nstlist                        = 10
   ns-type                        = Grid
   pbc                            = xyz
   periodic-molecules             = false
   verlet-buffer-tolerance        = 0.005
   rlist                          = 0.9
   coulombtype                    = PME
   coulomb-modifier               = Potential-shift
   rcoulomb-switch                = 0
   rcoulomb                       = 0.9
   epsilon-r                      = 1
   epsilon-rf                     = inf
   vdw-type                       = Cut-off
   vdw-modifier                   = Potential-shift
   rvdw-switch                    = 0
   rvdw                           = 0.9
   DispCorr                       = No
   table-extension                = 1
   fourierspacing                 = 0.1125
   fourier-nx                     = 28
   fourier-ny                     = 28
   fourier-nz                     = 28
   pme-order                      = 4
   ewald-rtol                     = 1e-05
   ewald-rtol-lj                  = 0.001
   lj-pme-comb-rule               = Geometric
   ewald-geometry                 = 0
   epsilon-surface                = 0
   implicit-solvent               = No
   gb-algorithm                   = Still
   nstgbradii                     = 1
   rgbradii                       = 1
   gb-epsilon-solvent             = 80
   gb-saltconc                    = 0
   gb-obc-alpha                   = 1
   gb-obc-beta                    = 0.8
   gb-obc-gamma                   = 4.85
   gb-dielectric-offset           = 0.009
   sa-algorithm                   = Ace-approximation
   sa-surface-tension             = 2.05016
   tcoupl                         = V-rescale
   nsttcouple                     = 10
   nh-chain-length                = 0
   print-nose-hoover-chain-variables = false
   pcoupl                         = No
   pcoupltype                     = Isotropic
   nstpcouple                     = -1
   tau-p                          = 1
   compressibility (3x3):
      compressibility[    0]={ 0.00000e+00,  0.00000e+00,  0.00000e+00}
      compressibility[    1]={ 0.00000e+00,  0.00000e+00,  0.00000e+00}
      compressibility[    2]={ 0.00000e+00,  0.00000e+00,  0.00000e+00}
   ref-p (3x3):
      ref-p[    0]={ 0.00000e+00,  0.00000e+00,  0.00000e+00}
      ref-p[    1]={ 0.00000e+00,  0.00000e+00,  0.00000e+00}
      ref-p[    2]={ 0.00000e+00,  0.00000e+00,  0.00000e+00}
   refcoord-scaling               = No
   posres-com (3):
      posres-com[0]= 0.00000e+00
      posres-com[1]= 0.00000e+00
      posres-com[2]= 0.00000e+00
   posres-comB (3):
      posres-comB[0]= 0.00000e+00
      posres-comB[1]= 0.00000e+00
      posres-comB[2]= 0.00000e+00
   QMMM                           = false
   QMconstraints                  = 0
   QMMMscheme                     = 0
   MMChargeScaleFactor            = 1
qm-opts:
   ngQM                           = 0
   constraint-algorithm           = Lincs
   continuation                   = false
   Shake-SOR                      = false
   shake-tol                      = 0.0001
   lincs-order                    = 4
   lincs-iter                     = 1
   lincs-warnangle                = 30
   nwall                          = 0
   wall-type                      = 9-3
   wall-r-linpot                  = -1
   wall-atomtype[0]               = -1
   wall-atomtype[1]               = -1
   wall-density[0]                = 0
   wall-density[1]                = 0
   wall-ewald-zfac                = 3
   pull                           = false
   awh                            = false
   rotation                       = false
   interactiveMD                  = false
   disre                          = No
   disre-weighting                = Conservative
   disre-mixed                    = false
   dr-fc                          = 1000
   dr-tau                         = 0
   nstdisreout                    = 100
   orire-fc                       = 0
   orire-tau                      = 0
   nstorireout                    = 100
   free-energy                    = no
   cos-acceleration               = 0
   deform (3x3):
      deform[    0]={ 0.00000e+00,  0.00000e+00,  0.00000e+00}
      deform[    1]={ 0.00000e+00,  0.00000e+00,  0.00000e+00}
      deform[    2]={ 0.00000e+00,  0.00000e+00,  0.00000e+00}
   simulated-tempering            = false
   swapcoords                     = no
   userint1                       = 0
   userint2                       = 0
   userint3                       = 0
   userint4                       = 0
   userreal1                      = 0
   userreal2                      = 0
   userreal3                      = 0
   userreal4                      = 0
   applied-forces:
     electric-field:
       x:
         E0                       = 0
         omega                    = 0
         t0                       = 0
         sigma                    = 0
       y:
         E0                       = 0
         omega                    = 0
         t0                       = 0
         sigma                    = 0
       z:
         E0                       = 0
         omega                    = 0
         t0                       = 0
         sigma                    = 0
grpopts:
   nrdf:        5301
   ref-t:         300
   tau-t:         0.1
annealing:          No
annealing-npoints:           0
   acc:	           0           0           0
   nfreeze:           N           N           N
   energygrp-flags[  0]: 0

Changing nstlist from 10 to 80, rlist from 0.9 to 1.044

Using 1 MPI thread
Using 4 OpenMP threads 

1 GPU auto-selected for this run.
Mapping of GPU IDs to the 1 GPU task in the 1 rank on this node:
  PP:0

NOTE: The number of threads is not equal to the number of (logical) cores
      and the -pin option is set to auto: will not pin threads to cores.
      This can lead to significant performance degradation.
      Consider using -pin on (and -pinoffset in case you run multiple jobs).
System total charge: 0.000
Will do PME sum in reciprocal space for electrostatic interactions.

++++ PLEASE READ AND CITE THE FOLLOWING REFERENCE ++++
U. Essmann, L. Perera, M. L. Berkowitz, T. Darden, H. Lee and L. G. Pedersen 
A smooth particle mesh Ewald method
J. Chem. Phys. 103 (1995) pp. 8577-8592
-------- -------- --- Thank You --- -------- --------

Using a Gaussian width (1/beta) of 0.288146 nm for Ewald
Potential shift: LJ r^-12: -3.541e+00 r^-6: -1.882e+00, Ewald -1.111e-05
Initialized non-bonded Ewald correction tables, spacing: 8.85e-04 size: 1018


Using GPU 8x8 nonbonded short-range kernels

Using a dual 8x4 pair-list setup updated with dynamic, rolling pruning:
  outer list: updated every 80 steps, buffer 0.144 nm, rlist 1.044 nm
  inner list: updated every 10 steps, buffer 0.003 nm, rlist 0.903 nm
At tolerance 0.005 kJ/mol/ps per atom, equivalent classical 1x1 list would be:
  outer list: updated every 80 steps, buffer 0.283 nm, rlist 1.183 nm
  inner list: updated every 10 steps, buffer 0.044 nm, rlist 0.944 nm

Using geometric Lennard-Jones combination rule

Removing pbc first time

++++ PLEASE READ AND CITE THE FOLLOWING REFERENCE ++++
S. Miyamoto and P. A. Kollman
SETTLE: An Analytical Version of the SHAKE and RATTLE Algorithms for Rigid
Water Models
J. Comp. Chem. 13 (1992) pp. 952-962
-------- -------- --- Thank You --- -------- --------


Intra-simulation communication will occur every 10 steps.
Center of mass motion removal mode is Linear
We have the following groups for center of mass motion removal:
  0:  rest

++++ PLEASE READ AND CITE THE FOLLOWING REFERENCE ++++
G. Bussi, D. Donadio and M. Parrinello
Canonical sampling through velocity rescaling
J. Chem. Phys. 126 (2007) pp. 014101
-------- -------- --- Thank You --- -------- --------

There are: 2652 Atoms

Constraining the starting coordinates (step 0)

Constraining the coordinates at t0-dt (step 0)
RMS relative constraint deviation after constraining: 0.00e+00
Initial temperature: 3.66309e-08 K

Started mdrun on rank 0 Fri Nov 30 14:31:30 2018
           Step           Time
              0        0.00000

   Energies (kJ/mol)
        LJ (SR)   Coulomb (SR)   Coul. recip.      Potential    Kinetic En.
    5.87352e+03   -4.30124e+04    4.34855e+02   -3.67040e+04    1.33418e+01
   Total Energy  Conserved En.    Temperature Pressure (bar)
   -3.66907e+04   -3.66907e+04    6.05416e-01   -2.72386e+03

step  160: timed with pme grid 28 28 28, coulomb cutoff 0.900: 139.5 M-cycles
step  320: timed with pme grid 24 24 24, coulomb cutoff 1.000: 97.4 M-cycles
step  480: timed with pme grid 20 20 20, coulomb cutoff 1.200: 92.8 M-cycles
step  480: the maximum allowed grid scaling limits the PME load balancing to a coulomb cut-off of 1.200
step  640: timed with pme grid 20 20 20, coulomb cutoff 1.200: 90.1 M-cycles
step  800: timed with pme grid 24 24 24, coulomb cutoff 1.000: 96.9 M-cycles
step  960: timed with pme grid 25 25 25, coulomb cutoff 0.960: 94.5 M-cycles
step 1120: timed with pme grid 20 20 20, coulomb cutoff 1.200: 99.2 M-cycles
step 1280: timed with pme grid 24 24 24, coulomb cutoff 1.000: 95.9 M-cycles
step 1440: timed with pme grid 25 25 25, coulomb cutoff 0.960: 95.0 M-cycles
              optimal pme grid 20 20 20, coulomb cutoff 1.200
           Step           Time
          10000       20.00000

Writing checkpoint, step 10000 at Fri Nov 30 14:31:37 2018


   Energies (kJ/mol)
        LJ (SR)   Coulomb (SR)   Coul. recip.      Potential    Kinetic En.
    5.29129e+03   -4.04857e+04    1.28639e+02   -3.50658e+04    6.65586e+03
   Total Energy  Conserved En.    Temperature Pressure (bar)
   -2.84099e+04   -3.65152e+04    3.02024e+02   -7.18176e+02

	<======  ###############  ==>
	<====  A V E R A G E S  ====>
	<==  ###############  ======>

	Statistics over 10001 steps using 101 frames

   Energies (kJ/mol)
        LJ (SR)   Coulomb (SR)   Coul. recip.      Potential    Kinetic En.
    5.69802e+03   -4.07658e+04    1.32093e+02   -3.49356e+04    6.53192e+03
   Total Energy  Conserved En.    Temperature Pressure (bar)
   -2.84037e+04   -3.65208e+04    2.96400e+02    1.44535e+02

   Total Virial (kJ/mol)
    2.04443e+03    1.26626e+01   -6.66759e-01
    1.26266e+01    2.06851e+03   -4.46157e+01
   -5.74966e-01   -4.46298e+01    2.06647e+03

   Pressure (bar)
    1.52146e+02   -2.08625e+01   -2.97207e+00
   -2.08182e+01    1.44532e+02    4.87076e+01
   -3.08497e+00    4.87249e+01    1.36926e+02


       P P   -   P M E   L O A D   B A L A N C I N G

 NOTE: The PP/PME load balancing was limited by the maximum allowed grid scaling,
       you might not have reached a good load balance.

 PP/PME load balancing changed the cut-off and PME settings:
           particle-particle                    PME
            rcoulomb  rlist            grid      spacing   1/beta
   initial  0.900 nm  0.903 nm      28  28  28   0.107 nm  0.288 nm
   final    1.200 nm  1.203 nm      20  20  20   0.150 nm  0.384 nm
 cost-ratio           2.36             0.36
 (note that these numbers concern only part of the total PP and PME load)


	M E G A - F L O P S   A C C O U N T I N G

 NB=Group-cutoff nonbonded kernels    NxN=N-by-N cluster Verlet kernels
 RF=Reaction-Field  VdW=Van der Waals  QSTab=quadratic-spline table
 W3=SPC/TIP3p  W4=TIP4p (single or pairs)
 V&F=Potential and force  V=Potential only  F=Force only

 Computing:                               M-Number         M-Flops  % Flops
-----------------------------------------------------------------------------
 Pair Search distance check              41.037504         369.338     0.0
 NxN Ewald Elec. + LJ [F]             34021.381952     2245411.209    96.7
 NxN Ewald Elec. + LJ [V&F]             346.396224       37064.396     1.6
 Calc Weights                            79.567956        2864.446     0.1
 Spread Q Bspline                      1697.449728        3394.899     0.1
 Gather F Bspline                      1697.449728       10184.698     0.4
 3D-FFT                                2298.739612       18389.917     0.8
 Solve PME                                4.218320         269.972     0.0
 Shift-X                                  0.334152           2.005     0.0
 Virial                                   0.272397           4.903     0.0
 Stop-CM                                  0.270504           2.705     0.0
 Calc-Ekin                                5.309304         143.351     0.0
 Constraint-V                            26.525304         212.202     0.0
 Constraint-Vir                           0.267852           6.428     0.0
 Settle                                   8.842652        2856.177     0.1
-----------------------------------------------------------------------------
 Total                                                 2321176.648   100.0
-----------------------------------------------------------------------------


     R E A L   C Y C L E   A N D   T I M E   A C C O U N T I N G

On 1 MPI rank, each using 4 OpenMP threads

 Computing:          Num   Num      Call    Wall time         Giga-Cycles
                     Ranks Threads  Count      (s)         total sum    %
-----------------------------------------------------------------------------
 Neighbor search        1    4        126       0.098          0.780   1.4
 Launch GPU ops.        1    4      10001       0.118          0.943   1.7
 Force                  1    4      10001       0.062          0.492   0.9
 PME mesh               1    4      10001       3.075         24.595  44.5
 Wait GPU NB local      1    4      10001       1.892         15.133  27.4
 NB X/F buffer ops.     1    4      19876       0.356          2.847   5.2
 Write traj.            1    4          1       0.022          0.178   0.3
 Update                 1    4      10001       0.146          1.164   2.1
 Constraints            1    4      10001       0.189          1.509   2.7
 Rest                                           0.953          7.620  13.8
-----------------------------------------------------------------------------
 Total                                          6.908         55.263 100.0
-----------------------------------------------------------------------------
 Breakdown of PME mesh computation
-----------------------------------------------------------------------------
 PME spread             1    4      10001       1.158          9.260  16.8
 PME gather             1    4      10001       0.939          7.511  13.6
 PME 3D-FFT             1    4      20002       0.841          6.727  12.2
 PME solve Elec         1    4      10001       0.108          0.863   1.6
-----------------------------------------------------------------------------

 GPU timings
-----------------------------------------------------------------------------
 Computing:                         Count  Wall t (s)      ms/step       %
-----------------------------------------------------------------------------
 Pair list H2D                        126       0.017        0.138     1.0
 X / q H2D                          10001       0.293        0.029    17.1
 Nonbonded F kernel                  9900       0.781        0.079    45.6
 Nonbonded F+ene k.                   101       0.144        1.426     8.4
 Pruning kernel                       126       0.005        0.036     0.3
 F D2H                              10001       0.473        0.047    27.6
-----------------------------------------------------------------------------
 Total                                          1.713        0.171   100.0
-----------------------------------------------------------------------------
 *Dynamic pruning                    4875       0.077        0.016     4.5
-----------------------------------------------------------------------------

Average per-step force GPU/CPU evaluation time ratio: 0.171 ms/0.314 ms = 0.546
For optimal resource utilization this ratio should be close to 1

NOTE: The CPU has >25% more load than the GPU. This imbalance wastes
      GPU resources.

               Core t (s)   Wall t (s)        (%)
       Time:       27.633        6.908      400.0
                 (ns/day)    (hour/ns)
Performance:      250.161        0.096
Finished mdrun on rank 0 Fri Nov 30 14:31:37 2018
